<?xml version="1.0" encoding="utf-8"?><TestRun id="911e974e-95a8-4dfd-8c92-4a7de075ac7f" name="addco@DESKTOP-334T9SK 2019-04-30 17:03:52" runUser="DESKTOP-334T9SK\addco" xmlns="http://microsoft.com/schemas/VisualStudio/TeamTest/2010"><Times creation="2019-04-30T17:03:52.9842942-04:00" queuing="2019-04-30T17:03:52.9842942-04:00" start="2019-04-30T17:03:52.6781121-04:00" finish="2019-04-30T17:03:52.9982567-04:00" /><TestSettings name="default" id="a0f56b43-567c-4363-bb13-5d8fc234c313"><Deployment runDeploymentRoot="addco_DESKTOP-334T9SK_2019-04-30_17_03_52" /></TestSettings><Results><UnitTestResult executionId="f6d9f71f-9e18-403f-97ee-4e0542e78c17" testId="04ad2e9e-d534-4585-8ef5-e589e3cd2d19" testName="PencilDegradationByZero" computerName="DESKTOP-334T9SK" duration="00:00:00.0000617" startTime="2019-04-30T17:03:52.9164755-04:00" endTime="2019-04-30T17:03:52.9164755-04:00" testType="13cdc9d9-ddb5-4fa4-a97d-d965ccfc6d4b" outcome="Passed" testListId="8c84fa94-04c1-424b-9868-57a2d4851a1d" relativeResultsDirectory="f6d9f71f-9e18-403f-97ee-4e0542e78c17" /><UnitTestResult executionId="b09e8938-c144-40d2-868a-63835156f3ec" testId="cf70ccce-eff2-5026-7345-4325b8949217" testName="PencilDegradationByTwo" computerName="DESKTOP-334T9SK" duration="00:00:00.0005089" startTime="2019-04-30T17:03:52.9154781-04:00" endTime="2019-04-30T17:03:52.9154781-04:00" testType="13cdc9d9-ddb5-4fa4-a97d-d965ccfc6d4b" outcome="Passed" testListId="8c84fa94-04c1-424b-9868-57a2d4851a1d" relativeResultsDirectory="b09e8938-c144-40d2-868a-63835156f3ec" /><UnitTestResult executionId="9e9ded28-bc1c-46bb-867c-3df86b2744f2" testId="bac5d64f-caaa-9ef9-903b-af2d5fecb6e4" testName="InitialWordWritten" computerName="DESKTOP-334T9SK" duration="00:00:00.0213042" startTime="2019-04-30T17:03:52.8666085-04:00" endTime="2019-04-30T17:03:52.9104914-04:00" testType="13cdc9d9-ddb5-4fa4-a97d-d965ccfc6d4b" outcome="Passed" testListId="8c84fa94-04c1-424b-9868-57a2d4851a1d" relativeResultsDirectory="9e9ded28-bc1c-46bb-867c-3df86b2744f2" /><UnitTestResult executionId="cc7d7e37-5cd0-43f0-9532-b2c2d8facc3a" testId="0e490e4c-d89a-4244-664f-3f6516ab1ff6" testName="PencilDegradationByOne" computerName="DESKTOP-334T9SK" duration="00:00:00.0000685" startTime="2019-04-30T17:03:52.9154781-04:00" endTime="2019-04-30T17:03:52.9164755-04:00" testType="13cdc9d9-ddb5-4fa4-a97d-d965ccfc6d4b" outcome="Passed" testListId="8c84fa94-04c1-424b-9868-57a2d4851a1d" relativeResultsDirectory="cc7d7e37-5cd0-43f0-9532-b2c2d8facc3a" /><UnitTestResult executionId="e9412047-b36b-45be-a33a-6d0dd7bea816" testId="57bf8ca0-2e4c-bfcb-fdae-e125a6493674" testName="AddingToPaper" computerName="DESKTOP-334T9SK" duration="00:00:00.0001084" startTime="2019-04-30T17:03:52.9154781-04:00" endTime="2019-04-30T17:03:52.9154781-04:00" testType="13cdc9d9-ddb5-4fa4-a97d-d965ccfc6d4b" outcome="Passed" testListId="8c84fa94-04c1-424b-9868-57a2d4851a1d" relativeResultsDirectory="e9412047-b36b-45be-a33a-6d0dd7bea816" /></Results><TestDefinitions><UnitTest name="AddingToPaper" storage="c:\users\addco\documents\code projects\katas\pencildurabilitykata\pencildurabilitykataproject\pencildurabilitytests\bin\debug\pencildurabilitytests.dll" id="57bf8ca0-2e4c-bfcb-fdae-e125a6493674"><Execution id="e9412047-b36b-45be-a33a-6d0dd7bea816" /><TestMethod codeBase="C:\Users\addco\Documents\Code Projects\Katas\PencilDurabilityKata\PencilDurabilityKataProject\PencilDurabilityTests\bin\Debug\PencilDurabilityTests.dll" adapterTypeName="executor://mstestadapter/v2" className="PencilDurabilityKataTests.UnitTests" name="AddingToPaper" /></UnitTest><UnitTest name="PencilDegradationByZero" storage="c:\users\addco\documents\code projects\katas\pencildurabilitykata\pencildurabilitykataproject\pencildurabilitytests\bin\debug\pencildurabilitytests.dll" id="04ad2e9e-d534-4585-8ef5-e589e3cd2d19"><Execution id="f6d9f71f-9e18-403f-97ee-4e0542e78c17" /><TestMethod codeBase="C:\Users\addco\Documents\Code Projects\Katas\PencilDurabilityKata\PencilDurabilityKataProject\PencilDurabilityTests\bin\Debug\PencilDurabilityTests.dll" adapterTypeName="executor://mstestadapter/v2" className="PencilDurabilityKataTests.UnitTests" name="PencilDegradationByZero" /></UnitTest><UnitTest name="InitialWordWritten" storage="c:\users\addco\documents\code projects\katas\pencildurabilitykata\pencildurabilitykataproject\pencildurabilitytests\bin\debug\pencildurabilitytests.dll" id="bac5d64f-caaa-9ef9-903b-af2d5fecb6e4"><Execution id="9e9ded28-bc1c-46bb-867c-3df86b2744f2" /><TestMethod codeBase="C:\Users\addco\Documents\Code Projects\Katas\PencilDurabilityKata\PencilDurabilityKataProject\PencilDurabilityTests\bin\Debug\PencilDurabilityTests.dll" adapterTypeName="executor://mstestadapter/v2" className="PencilDurabilityKataTests.UnitTests" name="InitialWordWritten" /></UnitTest><UnitTest name="PencilDegradationByOne" storage="c:\users\addco\documents\code projects\katas\pencildurabilitykata\pencildurabilitykataproject\pencildurabilitytests\bin\debug\pencildurabilitytests.dll" id="0e490e4c-d89a-4244-664f-3f6516ab1ff6"><Execution id="cc7d7e37-5cd0-43f0-9532-b2c2d8facc3a" /><TestMethod codeBase="C:\Users\addco\Documents\Code Projects\Katas\PencilDurabilityKata\PencilDurabilityKataProject\PencilDurabilityTests\bin\Debug\PencilDurabilityTests.dll" adapterTypeName="executor://mstestadapter/v2" className="PencilDurabilityKataTests.UnitTests" name="PencilDegradationByOne" /></UnitTest><UnitTest name="PencilDegradationByTwo" storage="c:\users\addco\documents\code projects\katas\pencildurabilitykata\pencildurabilitykataproject\pencildurabilitytests\bin\debug\pencildurabilitytests.dll" id="cf70ccce-eff2-5026-7345-4325b8949217"><Execution id="b09e8938-c144-40d2-868a-63835156f3ec" /><TestMethod codeBase="C:\Users\addco\Documents\Code Projects\Katas\PencilDurabilityKata\PencilDurabilityKataProject\PencilDurabilityTests\bin\Debug\PencilDurabilityTests.dll" adapterTypeName="executor://mstestadapter/v2" className="PencilDurabilityKataTests.UnitTests" name="PencilDegradationByTwo" /></UnitTest></TestDefinitions><TestEntries><TestEntry testId="04ad2e9e-d534-4585-8ef5-e589e3cd2d19" executionId="f6d9f71f-9e18-403f-97ee-4e0542e78c17" testListId="8c84fa94-04c1-424b-9868-57a2d4851a1d" /><TestEntry testId="cf70ccce-eff2-5026-7345-4325b8949217" executionId="b09e8938-c144-40d2-868a-63835156f3ec" testListId="8c84fa94-04c1-424b-9868-57a2d4851a1d" /><TestEntry testId="bac5d64f-caaa-9ef9-903b-af2d5fecb6e4" executionId="9e9ded28-bc1c-46bb-867c-3df86b2744f2" testListId="8c84fa94-04c1-424b-9868-57a2d4851a1d" /><TestEntry testId="0e490e4c-d89a-4244-664f-3f6516ab1ff6" executionId="cc7d7e37-5cd0-43f0-9532-b2c2d8facc3a" testListId="8c84fa94-04c1-424b-9868-57a2d4851a1d" /><TestEntry testId="57bf8ca0-2e4c-bfcb-fdae-e125a6493674" executionId="e9412047-b36b-45be-a33a-6d0dd7bea816" testListId="8c84fa94-04c1-424b-9868-57a2d4851a1d" /></TestEntries><TestLists><TestList name="Results Not in a List" id="8c84fa94-04c1-424b-9868-57a2d4851a1d" /><TestList name="All Loaded Results" id="19431567-8539-422a-85d7-44ee4e166bda" /></TestLists><ResultSummary outcome="Completed"><Counters total="5" executed="5" passed="5" failed="0" error="0" timeout="0" aborted="0" inconclusive="0" passedButRunAborted="0" notRunnable="0" notExecuted="0" disconnected="0" warning="0" completed="0" inProgress="0" pending="0" /></ResultSummary></TestRun>